Unity Editor version:    2021.3.18f1 (3129e69bc0c7)
Branch:                  2021.3/staging
Build type:              Release
Batch mode:              YES
macOS version:           Version 13.1 (Build 22C65)
Darwin version:          22.2.0
Architecture:            arm64
Running under Rosetta:   NO
Available memory:        32768 MB
Using pre-set license
Pro License: YES

COMMAND LINE ARGUMENTS:
/Applications/Unity/Hub/Editor/2021.3.18f1/Unity.app/Contents/MacOS/Unity
-adb2
-batchMode
-noUpm
-name
AssetImportWorker1
-projectPath
/Users/onthecrow/My first project
-logFile
Logs/AssetImportWorker1.log
-srvPort
57954
Successfully changed project path to: /Users/onthecrow/My first project
/Users/onthecrow/My first project
[UnityMemory] Configuration Parameters - Can be set up in boot.config
    "memorysetup-bucket-allocator-granularity=16"
    "memorysetup-bucket-allocator-bucket-count=8"
    "memorysetup-bucket-allocator-block-size=33554432"
    "memorysetup-bucket-allocator-block-count=8"
    "memorysetup-main-allocator-block-size=16777216"
    "memorysetup-thread-allocator-block-size=16777216"
    "memorysetup-gfx-main-allocator-block-size=16777216"
    "memorysetup-gfx-thread-allocator-block-size=16777216"
    "memorysetup-cache-allocator-block-size=4194304"
    "memorysetup-typetree-allocator-block-size=2097152"
    "memorysetup-profiler-bucket-allocator-granularity=16"
    "memorysetup-profiler-bucket-allocator-bucket-count=8"
    "memorysetup-profiler-bucket-allocator-block-size=33554432"
    "memorysetup-profiler-bucket-allocator-block-count=8"
    "memorysetup-profiler-allocator-block-size=16777216"
    "memorysetup-profiler-editor-allocator-block-size=1048576"
    "memorysetup-temp-allocator-size-main=16777216"
    "memorysetup-job-temp-allocator-block-size=2097152"
    "memorysetup-job-temp-allocator-block-size-background=1048576"
    "memorysetup-job-temp-allocator-reduction-small-platforms=262144"
    "memorysetup-temp-allocator-size-background-worker=32768"
    "memorysetup-temp-allocator-size-job-worker=262144"
    "memorysetup-temp-allocator-size-preload-manager=33554432"
    "memorysetup-temp-allocator-size-nav-mesh-worker=65536"
    "memorysetup-temp-allocator-size-audio-worker=65536"
    "memorysetup-temp-allocator-size-cloud-worker=32768"
    "memorysetup-temp-allocator-size-gi-baking-worker=262144"
    "memorysetup-temp-allocator-size-gfx=262144"
Player connection [8534817408] Host "[IP] 192.168.202.102 [Port] 0 [Flags] 2 [Guid] 2268482422 [EditorId] 2268482422 [Version] 1048832 [Id] OSXEditor(0,Dmitrys-MacBook-Pro.local) [Debug] 1 [PackageName] OSXEditor [ProjectName] Editor" joined multi-casting on [225.0.0.222:54997]...

Player connection [8534817408] Host "[IP] 192.168.202.102 [Port] 0 [Flags] 2 [Guid] 2268482422 [EditorId] 2268482422 [Version] 1048832 [Id] OSXEditor(0,Dmitrys-MacBook-Pro.local) [Debug] 1 [PackageName] OSXEditor [ProjectName] Editor" joined alternative multi-casting on [225.0.0.222:34997]...

Refreshing native plugins compatible for Editor in 64.33 ms, found 3 plugins.
Plugins: Couldn't open Assets/Oculus/LipSync/Plugins/MacOSX/OVRLipSync.bundle, error: dlopen(Assets/Oculus/LipSync/Plugins/MacOSX/OVRLipSync.bundle, 0x0002): tried: 'Assets/Oculus/LipSync/Plugins/MacOSX/OVRLipSync.bundle' (mach-o file, but is an incompatible architecture (have 'x86_64', need 'arm64')), '/System/Volumes/Preboot/Cryptexes/OSAssets/Oculus/LipSync/Plugins/MacOSX/OVRLipSync.bundle' (no such file), '/Applications/Unity/Hub/Editor/2021.3.18f1/Unity.app/Contents/Frameworks/Assets/Oculus/LipSync/Plugins/MacOSX/OVRLipSync.bundle' (no such file), '/Applications/Unity/Hub/Editor/2021.3.18f1/Unity.app/Contents/Frameworks/Assets/Oculus/LipSync/Plugins/MacOSX/OVRLipSync.bundle' (no such file), '/usr/lib/Assets/Oculus/LipSync/Plugins/MacOSX/OVRLipSync.bundle' (no such file, not in dyld cache), 'Assets/Oculus/LipSync/Plugins/MacOSX/OVRLipSync.bundle' (mach-o file, but is an incompatible architecture (have 'x86_64', need 'arm64')), '/Users/onthecrow/My first project/Assets/Oculus/LipSync/Plugins/MacOSX/OVRLipSync.bundle' (mach-o file, but is an incompatible architecture (have 'x86_64', need 'arm64')), '/System/Volumes/Preboot/Cryptexes/OS/Users/onthecrow/My first project/Assets/Oculus/LipSync/Plugins/MacOSX/OVRLipSync.bundle' (no such file), '/Users/onthecrow/My first project/Assets/Oculus/LipSync/Plugins/MacOSX/OVRLipSync.bundle' (mach-o file, but is an incompatible architecture (have 'x86_64', need 'arm64'))
Preloading 1 native plugins for Editor in 0.36 ms.
Initialize engine version: 2021.3.18f1 (3129e69bc0c7)
[Subsystems] Discovering subsystems at path /Applications/Unity/Hub/Editor/2021.3.18f1/Unity.app/Contents/Resources/UnitySubsystems
[Subsystems] Discovering subsystems at path /Users/onthecrow/My first project/Assets
GfxDevice: creating device client; threaded=0; jobified=0
 preferred device: Apple M1 Pro (high power)
Metal devices available: 1
0: Apple M1 Pro (high power)
Using device Apple M1 Pro (high power)
Initializing Metal device caps: Apple M1 Pro
Initialize mono
Mono path[0] = '/Applications/Unity/Hub/Editor/2021.3.18f1/Unity.app/Contents/Managed'
Mono path[1] = '/Applications/Unity/Hub/Editor/2021.3.18f1/Unity.app/Contents/MonoBleedingEdge/lib/mono/unityjit-macos'
Mono config path = '/Applications/Unity/Hub/Editor/2021.3.18f1/Unity.app/Contents/MonoBleedingEdge/etc'
Using monoOptions --debugger-agent=transport=dt_socket,embedding=1,server=y,suspend=n,address=127.0.0.1:56276
Begin MonoManager ReloadAssembly
Registering precompiled unity dll's ...
Register platform support module: /Applications/Unity/Hub/Editor/2021.3.18f1/PlaybackEngines/WebGLSupport/UnityEditor.WebGL.Extensions.dll
Register platform support module: /Applications/Unity/Hub/Editor/2021.3.18f1/Unity.app/Contents/PlaybackEngines/MacStandaloneSupport/UnityEditor.OSXStandalone.Extensions.dll
Register platform support module: /Applications/Unity/Hub/Editor/2021.3.18f1/PlaybackEngines/AndroidPlayer/UnityEditor.Android.Extensions.dll
Registered in 0.000991 seconds.
Native extension for Android target not found
Android Extension - Scanning For ADB Devices 72 ms
Native extension for OSXStandalone target not found
Native extension for WebGL target not found
Refreshing native plugins compatible for Editor in 67.60 ms, found 3 plugins.
Plugins: Couldn't open Assets/Oculus/LipSync/Plugins/MacOSX/OVRLipSync.bundle, error: dlopen(Assets/Oculus/LipSync/Plugins/MacOSX/OVRLipSync.bundle, 0x0002): tried: 'Assets/Oculus/LipSync/Plugins/MacOSX/OVRLipSync.bundle' (mach-o file, but is an incompatible architecture (have 'x86_64', need 'arm64')), '/System/Volumes/Preboot/Cryptexes/OSAssets/Oculus/LipSync/Plugins/MacOSX/OVRLipSync.bundle' (no such file), '/Applications/Unity/Hub/Editor/2021.3.18f1/Unity.app/Contents/Frameworks/Assets/Oculus/LipSync/Plugins/MacOSX/OVRLipSync.bundle' (no such file), '/Applications/Unity/Hub/Editor/2021.3.18f1/Unity.app/Contents/Frameworks/Assets/Oculus/LipSync/Plugins/MacOSX/OVRLipSync.bundle' (no such file), '/usr/lib/Assets/Oculus/LipSync/Plugins/MacOSX/OVRLipSync.bundle' (no such file, not in dyld cache), 'Assets/Oculus/LipSync/Plugins/MacOSX/OVRLipSync.bundle' (mach-o file, but is an incompatible architecture (have 'x86_64', need 'arm64')), '/Users/onthecrow/My first project/Assets/Oculus/LipSync/Plugins/MacOSX/OVRLipSync.bundle' (mach-o file, but is an incompatible architecture (have 'x86_64', need 'arm64')), '/System/Volumes/Preboot/Cryptexes/OS/Users/onthecrow/My first project/Assets/Oculus/LipSync/Plugins/MacOSX/OVRLipSync.bundle' (no such file), '/Users/onthecrow/My first project/Assets/Oculus/LipSync/Plugins/MacOSX/OVRLipSync.bundle' (mach-o file, but is an incompatible architecture (have 'x86_64', need 'arm64'))
Preloading 1 native plugins for Editor in 0.34 ms.
Mono: successfully reloaded assembly
- Completed reload, in  0.444 seconds
Domain Reload Profiling:
	ReloadAssembly (444ms)
		BeginReloadAssembly (30ms)
			ExecutionOrderSort (0ms)
			DisableScriptedObjects (0ms)
			BackupInstance (0ms)
			ReleaseScriptingObjects (0ms)
			CreateAndSetChildDomain (0ms)
		EndReloadAssembly (354ms)
			LoadAssemblies (30ms)
			RebuildTransferFunctionScriptingTraits (0ms)
			SetupTypeCache (60ms)
			ReleaseScriptCaches (0ms)
			RebuildScriptCaches (18ms)
			SetupLoadedEditorAssemblies (252ms)
				LogAssemblyErrors (0ms)
				InitializePlatformSupportModulesInManaged (118ms)
				SetLoadedEditorAssemblies (0ms)
				RefreshPlugins (68ms)
				BeforeProcessingInitializeOnLoad (1ms)
				ProcessInitializeOnLoadAttributes (45ms)
				ProcessInitializeOnLoadMethodAttributes (21ms)
				AfterProcessingInitializeOnLoad (0ms)
				EditorAssembliesLoaded (0ms)
			ExecutionOrderSort2 (0ms)
			AwakeInstancesAfterBackupRestoration (0ms)
Platform modules already initialized, skipping
Registering precompiled user dll's ...
Registered in 0.000982 seconds.
Begin MonoManager ReloadAssembly
Symbol file LoadedFromMemory doesn't match image /Users/onthecrow/My first project/Library/PackageCache/com.unity.visualscripting@1.8.0/Editor/VisualScripting.Core/Dependencies/YamlDotNet/Unity.VisualScripting.YamlDotNet.dll
Symbol file LoadedFromMemory doesn't match image /Users/onthecrow/My first project/Library/PackageCache/com.unity.visualscripting@1.8.0/Editor/VisualScripting.Core/Dependencies/DotNetZip/Unity.VisualScripting.IonicZip.dll
Native extension for Android target not found
Native extension for OSXStandalone target not found
Native extension for WebGL target not found
Refreshing native plugins compatible for Editor in 0.34 ms, found 3 plugins.
Plugins: Couldn't open Assets/Oculus/LipSync/Plugins/MacOSX/OVRLipSync.bundle, error: dlopen(Assets/Oculus/LipSync/Plugins/MacOSX/OVRLipSync.bundle, 0x0002): tried: 'Assets/Oculus/LipSync/Plugins/MacOSX/OVRLipSync.bundle' (mach-o file, but is an incompatible architecture (have 'x86_64', need 'arm64')), '/System/Volumes/Preboot/Cryptexes/OSAssets/Oculus/LipSync/Plugins/MacOSX/OVRLipSync.bundle' (no such file), '/Applications/Unity/Hub/Editor/2021.3.18f1/Unity.app/Contents/Frameworks/Assets/Oculus/LipSync/Plugins/MacOSX/OVRLipSync.bundle' (no such file), '/Applications/Unity/Hub/Editor/2021.3.18f1/Unity.app/Contents/Frameworks/Assets/Oculus/LipSync/Plugins/MacOSX/OVRLipSync.bundle' (no such file), '/usr/lib/Assets/Oculus/LipSync/Plugins/MacOSX/OVRLipSync.bundle' (no such file, not in dyld cache), 'Assets/Oculus/LipSync/Plugins/MacOSX/OVRLipSync.bundle' (mach-o file, but is an incompatible architecture (have 'x86_64', need 'arm64')), '/Users/onthecrow/My first project/Assets/Oculus/LipSync/Plugins/MacOSX/OVRLipSync.bundle' (mach-o file, but is an incompatible architecture (have 'x86_64', need 'arm64')), '/System/Volumes/Preboot/Cryptexes/OS/Users/onthecrow/My first project/Assets/Oculus/LipSync/Plugins/MacOSX/OVRLipSync.bundle' (no such file), '/Users/onthecrow/My first project/Assets/Oculus/LipSync/Plugins/MacOSX/OVRLipSync.bundle' (mach-o file, but is an incompatible architecture (have 'x86_64', need 'arm64'))
Preloading 1 native plugins for Editor in 0.49 ms.
Mono: successfully reloaded assembly
- Completed reload, in  0.472 seconds
Domain Reload Profiling:
	ReloadAssembly (472ms)
		BeginReloadAssembly (51ms)
			ExecutionOrderSort (0ms)
			DisableScriptedObjects (3ms)
			BackupInstance (0ms)
			ReleaseScriptingObjects (0ms)
			CreateAndSetChildDomain (11ms)
		EndReloadAssembly (361ms)
			LoadAssemblies (30ms)
			RebuildTransferFunctionScriptingTraits (0ms)
			SetupTypeCache (126ms)
			ReleaseScriptCaches (0ms)
			RebuildScriptCaches (31ms)
			SetupLoadedEditorAssemblies (139ms)
				LogAssemblyErrors (0ms)
				InitializePlatformSupportModulesInManaged (9ms)
				SetLoadedEditorAssemblies (0ms)
				RefreshPlugins (1ms)
				BeforeProcessingInitializeOnLoad (49ms)
				ProcessInitializeOnLoadAttributes (68ms)
				ProcessInitializeOnLoadMethodAttributes (10ms)
				AfterProcessingInitializeOnLoad (1ms)
				EditorAssembliesLoaded (0ms)
			ExecutionOrderSort2 (0ms)
			AwakeInstancesAfterBackupRestoration (2ms)
Platform modules already initialized, skipping
========================================================================
Worker process is ready to serve import requests
Launching external process: /Applications/Unity/Hub/Editor/2021.3.18f1/Unity.app/Contents/Tools/UnityShaderCompiler
Launched and connected shader compiler UnityShaderCompiler after 0.05 seconds
Refreshing native plugins compatible for Editor in 0.36 ms, found 3 plugins.
Plugins: Couldn't open Assets/Oculus/LipSync/Plugins/MacOSX/OVRLipSync.bundle, error: dlopen(Assets/Oculus/LipSync/Plugins/MacOSX/OVRLipSync.bundle, 0x0002): tried: 'Assets/Oculus/LipSync/Plugins/MacOSX/OVRLipSync.bundle' (mach-o file, but is an incompatible architecture (have 'x86_64', need 'arm64')), '/System/Volumes/Preboot/Cryptexes/OSAssets/Oculus/LipSync/Plugins/MacOSX/OVRLipSync.bundle' (no such file), '/Applications/Unity/Hub/Editor/2021.3.18f1/Unity.app/Contents/Frameworks/Assets/Oculus/LipSync/Plugins/MacOSX/OVRLipSync.bundle' (no such file), '/Applications/Unity/Hub/Editor/2021.3.18f1/Unity.app/Contents/Frameworks/Assets/Oculus/LipSync/Plugins/MacOSX/OVRLipSync.bundle' (no such file), '/usr/lib/Assets/Oculus/LipSync/Plugins/MacOSX/OVRLipSync.bundle' (no such file, not in dyld cache), 'Assets/Oculus/LipSync/Plugins/MacOSX/OVRLipSync.bundle' (mach-o file, but is an incompatible architecture (have 'x86_64', need 'arm64')), '/Users/onthecrow/My first project/Assets/Oculus/LipSync/Plugins/MacOSX/OVRLipSync.bundle' (mach-o file, but is an incompatible architecture (have 'x86_64', need 'arm64')), '/System/Volumes/Preboot/Cryptexes/OS/Users/onthecrow/My first project/Assets/Oculus/LipSync/Plugins/MacOSX/OVRLipSync.bundle' (no such file), '/Users/onthecrow/My first project/Assets/Oculus/LipSync/Plugins/MacOSX/OVRLipSync.bundle' (mach-o file, but is an incompatible architecture (have 'x86_64', need 'arm64'))
Preloading 1 native plugins for Editor in 0.30 ms.
Unloading 2843 Unused Serialized files (Serialized files now loaded: 0)
Unloading 23 unused Assets / (Unknown). Loaded Objects now: 3316.
Memory consumption went from 105.1 MB to 105.2 MB.
Total: 2.226917 ms (FindLiveObjects: 0.084167 ms CreateObjectMapping: 0.032583 ms MarkObjects: 2.008667 ms  DeleteObjects: 0.100833 ms)

AssetImportParameters requested are different than current active one (requested -> active):
  custom:video-decoder-ogg-theora: a1e56fd34408186e4bbccfd4996cb3dc -> 
  custom:container-muxer-webm: aa71ff27fc2769a1b78a27578f13a17b -> 
  custom:container-demuxer-webm: 4f35f7cbe854078d1ac9338744f61a02 -> 
  custom:video-encoder-webm-vp8: eb34c28f22e8b96e1ab97ce403110664 -> 
  custom:framework-osx-AVFoundation: e770b220cccbd017edd2c1fefb359320 -> 
  custom:audio-encoder-webm-vorbis: bf7c407c2cedff20999df2af8eb42d56 -> 
  custom:container-demuxer-ogg: 62fdf1f143b41e24485cea50d1cbac27 -> 
  custom:video-decoder-webm-vp8: 9c59270c3fd7afecdb556c50c9e8de78 -> 
  custom:audio-decoder-ogg-vorbis: bf7c407c2cedff20999df2af8eb42d56 -> 
========================================================================
Received Prepare
Registering precompiled user dll's ...
Registered in 0.000865 seconds.
Begin MonoManager ReloadAssembly
Thread 0x28ae2b000 may have been prematurely finalized
Symbol file LoadedFromMemory doesn't match image /Users/onthecrow/My first project/Library/PackageCache/com.unity.visualscripting@1.8.0/Editor/VisualScripting.Core/Dependencies/YamlDotNet/Unity.VisualScripting.YamlDotNet.dll
Symbol file LoadedFromMemory doesn't match image /Users/onthecrow/My first project/Library/PackageCache/com.unity.visualscripting@1.8.0/Editor/VisualScripting.Core/Dependencies/DotNetZip/Unity.VisualScripting.IonicZip.dll
Native extension for Android target not found
Native extension for OSXStandalone target not found
Native extension for WebGL target not found
Refreshing native plugins compatible for Editor in 0.42 ms, found 3 plugins.
Plugins: Couldn't open Assets/Oculus/LipSync/Plugins/MacOSX/OVRLipSync.bundle, error: dlopen(Assets/Oculus/LipSync/Plugins/MacOSX/OVRLipSync.bundle, 0x0002): tried: 'Assets/Oculus/LipSync/Plugins/MacOSX/OVRLipSync.bundle' (mach-o file, but is an incompatible architecture (have 'x86_64', need 'arm64')), '/System/Volumes/Preboot/Cryptexes/OSAssets/Oculus/LipSync/Plugins/MacOSX/OVRLipSync.bundle' (no such file), '/Applications/Unity/Hub/Editor/2021.3.18f1/Unity.app/Contents/Frameworks/Assets/Oculus/LipSync/Plugins/MacOSX/OVRLipSync.bundle' (no such file), '/Applications/Unity/Hub/Editor/2021.3.18f1/Unity.app/Contents/Frameworks/Assets/Oculus/LipSync/Plugins/MacOSX/OVRLipSync.bundle' (no such file), '/usr/lib/Assets/Oculus/LipSync/Plugins/MacOSX/OVRLipSync.bundle' (no such file, not in dyld cache), 'Assets/Oculus/LipSync/Plugins/MacOSX/OVRLipSync.bundle' (mach-o file, but is an incompatible architecture (have 'x86_64', need 'arm64')), '/Users/onthecrow/My first project/Assets/Oculus/LipSync/Plugins/MacOSX/OVRLipSync.bundle' (mach-o file, but is an incompatible architecture (have 'x86_64', need 'arm64')), '/System/Volumes/Preboot/Cryptexes/OS/Users/onthecrow/My first project/Assets/Oculus/LipSync/Plugins/MacOSX/OVRLipSync.bundle' (no such file), '/Users/onthecrow/My first project/Assets/Oculus/LipSync/Plugins/MacOSX/OVRLipSync.bundle' (mach-o file, but is an incompatible architecture (have 'x86_64', need 'arm64'))
Preloading 1 native plugins for Editor in 0.36 ms.
Mono: successfully reloaded assembly
- Completed reload, in  0.459 seconds
Domain Reload Profiling:
	ReloadAssembly (459ms)
		BeginReloadAssembly (61ms)
			ExecutionOrderSort (0ms)
			DisableScriptedObjects (3ms)
			BackupInstance (0ms)
			ReleaseScriptingObjects (0ms)
			CreateAndSetChildDomain (14ms)
		EndReloadAssembly (346ms)
			LoadAssemblies (28ms)
			RebuildTransferFunctionScriptingTraits (0ms)
			SetupTypeCache (129ms)
			ReleaseScriptCaches (1ms)
			RebuildScriptCaches (26ms)
			SetupLoadedEditorAssemblies (117ms)
				LogAssemblyErrors (0ms)
				InitializePlatformSupportModulesInManaged (10ms)
				SetLoadedEditorAssemblies (0ms)
				RefreshPlugins (1ms)
				BeforeProcessingInitializeOnLoad (36ms)
				ProcessInitializeOnLoadAttributes (58ms)
				ProcessInitializeOnLoadMethodAttributes (11ms)
				AfterProcessingInitializeOnLoad (1ms)
				EditorAssembliesLoaded (0ms)
			ExecutionOrderSort2 (0ms)
			AwakeInstancesAfterBackupRestoration (2ms)
Platform modules already initialized, skipping
Refreshing native plugins compatible for Editor in 0.75 ms, found 3 plugins.
Plugins: Couldn't open Assets/Oculus/LipSync/Plugins/MacOSX/OVRLipSync.bundle, error: dlopen(Assets/Oculus/LipSync/Plugins/MacOSX/OVRLipSync.bundle, 0x0002): tried: 'Assets/Oculus/LipSync/Plugins/MacOSX/OVRLipSync.bundle' (mach-o file, but is an incompatible architecture (have 'x86_64', need 'arm64')), '/System/Volumes/Preboot/Cryptexes/OSAssets/Oculus/LipSync/Plugins/MacOSX/OVRLipSync.bundle' (no such file), '/Applications/Unity/Hub/Editor/2021.3.18f1/Unity.app/Contents/Frameworks/Assets/Oculus/LipSync/Plugins/MacOSX/OVRLipSync.bundle' (no such file), '/Applications/Unity/Hub/Editor/2021.3.18f1/Unity.app/Contents/Frameworks/Assets/Oculus/LipSync/Plugins/MacOSX/OVRLipSync.bundle' (no such file), '/usr/lib/Assets/Oculus/LipSync/Plugins/MacOSX/OVRLipSync.bundle' (no such file, not in dyld cache), 'Assets/Oculus/LipSync/Plugins/MacOSX/OVRLipSync.bundle' (mach-o file, but is an incompatible architecture (have 'x86_64', need 'arm64')), '/Users/onthecrow/My first project/Assets/Oculus/LipSync/Plugins/MacOSX/OVRLipSync.bundle' (mach-o file, but is an incompatible architecture (have 'x86_64', need 'arm64')), '/System/Volumes/Preboot/Cryptexes/OS/Users/onthecrow/My first project/Assets/Oculus/LipSync/Plugins/MacOSX/OVRLipSync.bundle' (no such file), '/Users/onthecrow/My first project/Assets/Oculus/LipSync/Plugins/MacOSX/OVRLipSync.bundle' (mach-o file, but is an incompatible architecture (have 'x86_64', need 'arm64'))
Preloading 1 native plugins for Editor in 0.31 ms.
Unloading 2814 Unused Serialized files (Serialized files now loaded: 0)
Unloading 16 unused Assets / (64.4 KB). Loaded Objects now: 3319.
Memory consumption went from 102.6 MB to 102.6 MB.
Total: 2.198208 ms (FindLiveObjects: 0.096375 ms CreateObjectMapping: 0.033083 ms MarkObjects: 1.977417 ms  DeleteObjects: 0.090416 ms)

AssetImportParameters requested are different than current active one (requested -> active):
  custom:video-decoder-ogg-theora: a1e56fd34408186e4bbccfd4996cb3dc -> 
  custom:container-muxer-webm: aa71ff27fc2769a1b78a27578f13a17b -> 
  custom:container-demuxer-webm: 4f35f7cbe854078d1ac9338744f61a02 -> 
  custom:video-encoder-webm-vp8: eb34c28f22e8b96e1ab97ce403110664 -> 
  custom:framework-osx-AVFoundation: e770b220cccbd017edd2c1fefb359320 -> 
  custom:audio-encoder-webm-vorbis: bf7c407c2cedff20999df2af8eb42d56 -> 
  custom:container-demuxer-ogg: 62fdf1f143b41e24485cea50d1cbac27 -> 
  custom:video-decoder-webm-vp8: 9c59270c3fd7afecdb556c50c9e8de78 -> 
  custom:audio-decoder-ogg-vorbis: bf7c407c2cedff20999df2af8eb42d56 -> 
========================================================================
Received Prepare
Registering precompiled user dll's ...
Registered in 0.000803 seconds.
Begin MonoManager ReloadAssembly
Thread 0x28ae2b000 may have been prematurely finalized
Symbol file LoadedFromMemory doesn't match image /Users/onthecrow/My first project/Library/PackageCache/com.unity.visualscripting@1.8.0/Editor/VisualScripting.Core/Dependencies/YamlDotNet/Unity.VisualScripting.YamlDotNet.dll
Symbol file LoadedFromMemory doesn't match image /Users/onthecrow/My first project/Library/PackageCache/com.unity.visualscripting@1.8.0/Editor/VisualScripting.Core/Dependencies/DotNetZip/Unity.VisualScripting.IonicZip.dll
Native extension for Android target not found
Native extension for OSXStandalone target not found
Native extension for WebGL target not found
Refreshing native plugins compatible for Editor in 0.44 ms, found 3 plugins.
Plugins: Couldn't open Assets/Oculus/LipSync/Plugins/MacOSX/OVRLipSync.bundle, error: dlopen(Assets/Oculus/LipSync/Plugins/MacOSX/OVRLipSync.bundle, 0x0002): tried: 'Assets/Oculus/LipSync/Plugins/MacOSX/OVRLipSync.bundle' (mach-o file, but is an incompatible architecture (have 'x86_64', need 'arm64')), '/System/Volumes/Preboot/Cryptexes/OSAssets/Oculus/LipSync/Plugins/MacOSX/OVRLipSync.bundle' (no such file), '/Applications/Unity/Hub/Editor/2021.3.18f1/Unity.app/Contents/Frameworks/Assets/Oculus/LipSync/Plugins/MacOSX/OVRLipSync.bundle' (no such file), '/Applications/Unity/Hub/Editor/2021.3.18f1/Unity.app/Contents/Frameworks/Assets/Oculus/LipSync/Plugins/MacOSX/OVRLipSync.bundle' (no such file), '/usr/lib/Assets/Oculus/LipSync/Plugins/MacOSX/OVRLipSync.bundle' (no such file, not in dyld cache), 'Assets/Oculus/LipSync/Plugins/MacOSX/OVRLipSync.bundle' (mach-o file, but is an incompatible architecture (have 'x86_64', need 'arm64')), '/Users/onthecrow/My first project/Assets/Oculus/LipSync/Plugins/MacOSX/OVRLipSync.bundle' (mach-o file, but is an incompatible architecture (have 'x86_64', need 'arm64')), '/System/Volumes/Preboot/Cryptexes/OS/Users/onthecrow/My first project/Assets/Oculus/LipSync/Plugins/MacOSX/OVRLipSync.bundle' (no such file), '/Users/onthecrow/My first project/Assets/Oculus/LipSync/Plugins/MacOSX/OVRLipSync.bundle' (mach-o file, but is an incompatible architecture (have 'x86_64', need 'arm64'))
Preloading 1 native plugins for Editor in 0.36 ms.
Mono: successfully reloaded assembly
- Completed reload, in  0.486 seconds
Domain Reload Profiling:
	ReloadAssembly (486ms)
		BeginReloadAssembly (64ms)
			ExecutionOrderSort (0ms)
			DisableScriptedObjects (3ms)
			BackupInstance (0ms)
			ReleaseScriptingObjects (0ms)
			CreateAndSetChildDomain (15ms)
		EndReloadAssembly (364ms)
			LoadAssemblies (31ms)
			RebuildTransferFunctionScriptingTraits (0ms)
			SetupTypeCache (143ms)
			ReleaseScriptCaches (1ms)
			RebuildScriptCaches (27ms)
			SetupLoadedEditorAssemblies (117ms)
				LogAssemblyErrors (0ms)
				InitializePlatformSupportModulesInManaged (10ms)
				SetLoadedEditorAssemblies (0ms)
				RefreshPlugins (1ms)
				BeforeProcessingInitializeOnLoad (36ms)
				ProcessInitializeOnLoadAttributes (57ms)
				ProcessInitializeOnLoadMethodAttributes (11ms)
				AfterProcessingInitializeOnLoad (1ms)
				EditorAssembliesLoaded (0ms)
			ExecutionOrderSort2 (0ms)
			AwakeInstancesAfterBackupRestoration (2ms)
Platform modules already initialized, skipping
Refreshing native plugins compatible for Editor in 0.83 ms, found 3 plugins.
Plugins: Couldn't open Assets/Oculus/LipSync/Plugins/MacOSX/OVRLipSync.bundle, error: dlopen(Assets/Oculus/LipSync/Plugins/MacOSX/OVRLipSync.bundle, 0x0002): tried: 'Assets/Oculus/LipSync/Plugins/MacOSX/OVRLipSync.bundle' (mach-o file, but is an incompatible architecture (have 'x86_64', need 'arm64')), '/System/Volumes/Preboot/Cryptexes/OSAssets/Oculus/LipSync/Plugins/MacOSX/OVRLipSync.bundle' (no such file), '/Applications/Unity/Hub/Editor/2021.3.18f1/Unity.app/Contents/Frameworks/Assets/Oculus/LipSync/Plugins/MacOSX/OVRLipSync.bundle' (no such file), '/Applications/Unity/Hub/Editor/2021.3.18f1/Unity.app/Contents/Frameworks/Assets/Oculus/LipSync/Plugins/MacOSX/OVRLipSync.bundle' (no such file), '/usr/lib/Assets/Oculus/LipSync/Plugins/MacOSX/OVRLipSync.bundle' (no such file, not in dyld cache), 'Assets/Oculus/LipSync/Plugins/MacOSX/OVRLipSync.bundle' (mach-o file, but is an incompatible architecture (have 'x86_64', need 'arm64')), '/Users/onthecrow/My first project/Assets/Oculus/LipSync/Plugins/MacOSX/OVRLipSync.bundle' (mach-o file, but is an incompatible architecture (have 'x86_64', need 'arm64')), '/System/Volumes/Preboot/Cryptexes/OS/Users/onthecrow/My first project/Assets/Oculus/LipSync/Plugins/MacOSX/OVRLipSync.bundle' (no such file), '/Users/onthecrow/My first project/Assets/Oculus/LipSync/Plugins/MacOSX/OVRLipSync.bundle' (mach-o file, but is an incompatible architecture (have 'x86_64', need 'arm64'))
Preloading 1 native plugins for Editor in 0.39 ms.
Unloading 2814 Unused Serialized files (Serialized files now loaded: 0)
Unloading 16 unused Assets / (64.4 KB). Loaded Objects now: 3322.
Memory consumption went from 102.6 MB to 102.6 MB.
Total: 2.200500 ms (FindLiveObjects: 0.094833 ms CreateObjectMapping: 0.034167 ms MarkObjects: 2.000708 ms  DeleteObjects: 0.069958 ms)

AssetImportParameters requested are different than current active one (requested -> active):
  custom:video-decoder-ogg-theora: a1e56fd34408186e4bbccfd4996cb3dc -> 
  custom:container-muxer-webm: aa71ff27fc2769a1b78a27578f13a17b -> 
  custom:container-demuxer-webm: 4f35f7cbe854078d1ac9338744f61a02 -> 
  custom:video-encoder-webm-vp8: eb34c28f22e8b96e1ab97ce403110664 -> 
  custom:framework-osx-AVFoundation: e770b220cccbd017edd2c1fefb359320 -> 
  custom:audio-encoder-webm-vorbis: bf7c407c2cedff20999df2af8eb42d56 -> 
  custom:container-demuxer-ogg: 62fdf1f143b41e24485cea50d1cbac27 -> 
  custom:video-decoder-webm-vp8: 9c59270c3fd7afecdb556c50c9e8de78 -> 
  custom:audio-decoder-ogg-vorbis: bf7c407c2cedff20999df2af8eb42d56 -> 
========================================================================
Received Prepare
Registering precompiled user dll's ...
Registered in 0.000853 seconds.
Begin MonoManager ReloadAssembly
Thread 0x16f3a7000 may have been prematurely finalized
Symbol file LoadedFromMemory doesn't match image /Users/onthecrow/My first project/Library/PackageCache/com.unity.visualscripting@1.8.0/Editor/VisualScripting.Core/Dependencies/YamlDotNet/Unity.VisualScripting.YamlDotNet.dll
Symbol file LoadedFromMemory doesn't match image /Users/onthecrow/My first project/Library/PackageCache/com.unity.visualscripting@1.8.0/Editor/VisualScripting.Core/Dependencies/DotNetZip/Unity.VisualScripting.IonicZip.dll
Native extension for Android target not found
Native extension for OSXStandalone target not found
Native extension for WebGL target not found
Refreshing native plugins compatible for Editor in 0.35 ms, found 2 plugins.
Preloading 0 native plugins for Editor in 0.00 ms.
Mono: successfully reloaded assembly
- Completed reload, in  0.409 seconds
Domain Reload Profiling:
	ReloadAssembly (409ms)
		BeginReloadAssembly (60ms)
			ExecutionOrderSort (0ms)
			DisableScriptedObjects (3ms)
			BackupInstance (0ms)
			ReleaseScriptingObjects (0ms)
			CreateAndSetChildDomain (15ms)
		EndReloadAssembly (300ms)
			LoadAssemblies (28ms)
			RebuildTransferFunctionScriptingTraits (0ms)
			SetupTypeCache (120ms)
			ReleaseScriptCaches (1ms)
			RebuildScriptCaches (22ms)
			SetupLoadedEditorAssemblies (95ms)
				LogAssemblyErrors (0ms)
				InitializePlatformSupportModulesInManaged (8ms)
				SetLoadedEditorAssemblies (0ms)
				RefreshPlugins (0ms)
				BeforeProcessingInitializeOnLoad (30ms)
				ProcessInitializeOnLoadAttributes (46ms)
				ProcessInitializeOnLoadMethodAttributes (9ms)
				AfterProcessingInitializeOnLoad (1ms)
				EditorAssembliesLoaded (0ms)
			ExecutionOrderSort2 (0ms)
			AwakeInstancesAfterBackupRestoration (2ms)
Platform modules already initialized, skipping
Refreshing native plugins compatible for Editor in 0.74 ms, found 2 plugins.
Preloading 0 native plugins for Editor in 0.00 ms.
Unloading 2814 Unused Serialized files (Serialized files now loaded: 0)
Unloading 16 unused Assets / (64.4 KB). Loaded Objects now: 3325.
Memory consumption went from 102.6 MB to 102.6 MB.
Total: 1.890625 ms (FindLiveObjects: 0.108125 ms CreateObjectMapping: 0.033875 ms MarkObjects: 1.674750 ms  DeleteObjects: 0.073375 ms)

AssetImportParameters requested are different than current active one (requested -> active):
  custom:video-decoder-ogg-theora: a1e56fd34408186e4bbccfd4996cb3dc -> 
  custom:container-muxer-webm: aa71ff27fc2769a1b78a27578f13a17b -> 
  custom:container-demuxer-webm: 4f35f7cbe854078d1ac9338744f61a02 -> 
  custom:video-encoder-webm-vp8: eb34c28f22e8b96e1ab97ce403110664 -> 
  custom:framework-osx-AVFoundation: e770b220cccbd017edd2c1fefb359320 -> 
  custom:audio-encoder-webm-vorbis: bf7c407c2cedff20999df2af8eb42d56 -> 
  custom:container-demuxer-ogg: 62fdf1f143b41e24485cea50d1cbac27 -> 
  custom:video-decoder-webm-vp8: 9c59270c3fd7afecdb556c50c9e8de78 -> 
  custom:audio-decoder-ogg-vorbis: bf7c407c2cedff20999df2af8eb42d56 -> 
========================================================================
Received Prepare
Registering precompiled user dll's ...
Registered in 0.000841 seconds.
Begin MonoManager ReloadAssembly
Thread 0x16f3a7000 may have been prematurely finalized
Symbol file LoadedFromMemory doesn't match image /Users/onthecrow/My first project/Library/PackageCache/com.unity.visualscripting@1.8.0/Editor/VisualScripting.Core/Dependencies/YamlDotNet/Unity.VisualScripting.YamlDotNet.dll
Symbol file LoadedFromMemory doesn't match image /Users/onthecrow/My first project/Library/PackageCache/com.unity.visualscripting@1.8.0/Editor/VisualScripting.Core/Dependencies/DotNetZip/Unity.VisualScripting.IonicZip.dll
Native extension for Android target not found
Native extension for OSXStandalone target not found
Native extension for WebGL target not found
Refreshing native plugins compatible for Editor in 0.38 ms, found 2 plugins.
Preloading 0 native plugins for Editor in 0.00 ms.
Mono: successfully reloaded assembly
- Completed reload, in  0.446 seconds
Domain Reload Profiling:
	ReloadAssembly (447ms)
		BeginReloadAssembly (59ms)
			ExecutionOrderSort (0ms)
			DisableScriptedObjects (2ms)
			BackupInstance (0ms)
			ReleaseScriptingObjects (0ms)
			CreateAndSetChildDomain (15ms)
		EndReloadAssembly (340ms)
			LoadAssemblies (26ms)
			RebuildTransferFunctionScriptingTraits (0ms)
			SetupTypeCache (122ms)
			ReleaseScriptCaches (1ms)
			RebuildScriptCaches (29ms)
			SetupLoadedEditorAssemblies (114ms)
				LogAssemblyErrors (0ms)
				InitializePlatformSupportModulesInManaged (10ms)
				SetLoadedEditorAssemblies (0ms)
				RefreshPlugins (6ms)
				BeforeProcessingInitializeOnLoad (33ms)
				ProcessInitializeOnLoadAttributes (52ms)
				ProcessInitializeOnLoadMethodAttributes (11ms)
				AfterProcessingInitializeOnLoad (2ms)
				EditorAssembliesLoaded (0ms)
			ExecutionOrderSort2 (0ms)
			AwakeInstancesAfterBackupRestoration (2ms)
Platform modules already initialized, skipping
Refreshing native plugins compatible for Editor in 1.15 ms, found 2 plugins.
Preloading 0 native plugins for Editor in 0.00 ms.
Unloading 2814 Unused Serialized files (Serialized files now loaded: 0)
Unloading 16 unused Assets / (64.5 KB). Loaded Objects now: 3328.
Memory consumption went from 102.6 MB to 102.6 MB.
Total: 2.103459 ms (FindLiveObjects: 0.104292 ms CreateObjectMapping: 0.034708 ms MarkObjects: 1.889000 ms  DeleteObjects: 0.074459 ms)

AssetImportParameters requested are different than current active one (requested -> active):
  custom:video-decoder-ogg-theora: a1e56fd34408186e4bbccfd4996cb3dc -> 
  custom:container-muxer-webm: aa71ff27fc2769a1b78a27578f13a17b -> 
  custom:container-demuxer-webm: 4f35f7cbe854078d1ac9338744f61a02 -> 
  custom:video-encoder-webm-vp8: eb34c28f22e8b96e1ab97ce403110664 -> 
  custom:framework-osx-AVFoundation: e770b220cccbd017edd2c1fefb359320 -> 
  custom:audio-encoder-webm-vorbis: bf7c407c2cedff20999df2af8eb42d56 -> 
  custom:container-demuxer-ogg: 62fdf1f143b41e24485cea50d1cbac27 -> 
  custom:video-decoder-webm-vp8: 9c59270c3fd7afecdb556c50c9e8de78 -> 
  custom:audio-decoder-ogg-vorbis: bf7c407c2cedff20999df2af8eb42d56 -> 
========================================================================
Received Prepare
Registering precompiled user dll's ...
Registered in 0.000879 seconds.
Begin MonoManager ReloadAssembly
Thread 0x16f3a7000 may have been prematurely finalized
Symbol file LoadedFromMemory doesn't match image /Users/onthecrow/My first project/Library/PackageCache/com.unity.visualscripting@1.8.0/Editor/VisualScripting.Core/Dependencies/YamlDotNet/Unity.VisualScripting.YamlDotNet.dll
Symbol file LoadedFromMemory doesn't match image /Users/onthecrow/My first project/Library/PackageCache/com.unity.visualscripting@1.8.0/Editor/VisualScripting.Core/Dependencies/DotNetZip/Unity.VisualScripting.IonicZip.dll
Native extension for Android target not found
Native extension for OSXStandalone target not found
Native extension for WebGL target not found
Refreshing native plugins compatible for Editor in 0.39 ms, found 2 plugins.
Preloading 0 native plugins for Editor in 0.00 ms.
Mono: successfully reloaded assembly
- Completed reload, in  0.438 seconds
Domain Reload Profiling:
	ReloadAssembly (439ms)
		BeginReloadAssembly (58ms)
			ExecutionOrderSort (0ms)
			DisableScriptedObjects (2ms)
			BackupInstance (0ms)
			ReleaseScriptingObjects (0ms)
			CreateAndSetChildDomain (13ms)
		EndReloadAssembly (329ms)
			LoadAssemblies (28ms)
			RebuildTransferFunctionScriptingTraits (0ms)
			SetupTypeCache (130ms)
			ReleaseScriptCaches (1ms)
			RebuildScriptCaches (24ms)
			SetupLoadedEditorAssemblies (103ms)
				LogAssemblyErrors (0ms)
				InitializePlatformSupportModulesInManaged (8ms)
				SetLoadedEditorAssemblies (0ms)
				RefreshPlugins (0ms)
				BeforeProcessingInitializeOnLoad (32ms)
				ProcessInitializeOnLoadAttributes (51ms)
				ProcessInitializeOnLoadMethodAttributes (10ms)
				AfterProcessingInitializeOnLoad (1ms)
				EditorAssembliesLoaded (0ms)
			ExecutionOrderSort2 (0ms)
			AwakeInstancesAfterBackupRestoration (2ms)
Platform modules already initialized, skipping
Refreshing native plugins compatible for Editor in 0.75 ms, found 2 plugins.
Preloading 0 native plugins for Editor in 0.00 ms.
Unloading 2814 Unused Serialized files (Serialized files now loaded: 0)
Unloading 16 unused Assets / (64.5 KB). Loaded Objects now: 3331.
Memory consumption went from 102.7 MB to 102.6 MB.
Total: 2.097459 ms (FindLiveObjects: 0.103542 ms CreateObjectMapping: 0.033416 ms MarkObjects: 1.890542 ms  DeleteObjects: 0.069375 ms)

AssetImportParameters requested are different than current active one (requested -> active):
  custom:video-decoder-ogg-theora: a1e56fd34408186e4bbccfd4996cb3dc -> 
  custom:container-muxer-webm: aa71ff27fc2769a1b78a27578f13a17b -> 
  custom:container-demuxer-webm: 4f35f7cbe854078d1ac9338744f61a02 -> 
  custom:video-encoder-webm-vp8: eb34c28f22e8b96e1ab97ce403110664 -> 
  custom:framework-osx-AVFoundation: e770b220cccbd017edd2c1fefb359320 -> 
  custom:audio-encoder-webm-vorbis: bf7c407c2cedff20999df2af8eb42d56 -> 
  custom:container-demuxer-ogg: 62fdf1f143b41e24485cea50d1cbac27 -> 
  custom:video-decoder-webm-vp8: 9c59270c3fd7afecdb556c50c9e8de78 -> 
  custom:audio-decoder-ogg-vorbis: bf7c407c2cedff20999df2af8eb42d56 -> 
========================================================================
Received Prepare
Refreshing native plugins compatible for Editor in 1.59 ms, found 2 plugins.
Preloading 0 native plugins for Editor in 0.00 ms.
Unloading 16 Unused Serialized files (Serialized files now loaded: 0)
Unloading 16 unused Assets / (64.5 KB). Loaded Objects now: 3331.
Memory consumption went from 46.6 MB to 46.6 MB.
Total: 2.165209 ms (FindLiveObjects: 0.118083 ms CreateObjectMapping: 0.033833 ms MarkObjects: 1.965000 ms  DeleteObjects: 0.048000 ms)

AssetImportParameters requested are different than current active one (requested -> active):
  custom:video-decoder-ogg-theora: a1e56fd34408186e4bbccfd4996cb3dc -> 
  custom:container-muxer-webm: aa71ff27fc2769a1b78a27578f13a17b -> 
  custom:container-demuxer-webm: 4f35f7cbe854078d1ac9338744f61a02 -> 
  custom:video-encoder-webm-vp8: eb34c28f22e8b96e1ab97ce403110664 -> 
  custom:framework-osx-AVFoundation: e770b220cccbd017edd2c1fefb359320 -> 
  custom:audio-encoder-webm-vorbis: bf7c407c2cedff20999df2af8eb42d56 -> 
  custom:container-demuxer-ogg: 62fdf1f143b41e24485cea50d1cbac27 -> 
  custom:video-decoder-webm-vp8: 9c59270c3fd7afecdb556c50c9e8de78 -> 
  custom:audio-decoder-ogg-vorbis: bf7c407c2cedff20999df2af8eb42d56 -> 
========================================================================
Received Prepare
Registering precompiled user dll's ...
Registered in 0.000954 seconds.
Begin MonoManager ReloadAssembly
Thread 0x16f3a7000 may have been prematurely finalized
Symbol file LoadedFromMemory doesn't match image /Users/onthecrow/My first project/Library/PackageCache/com.unity.visualscripting@1.8.0/Editor/VisualScripting.Core/Dependencies/YamlDotNet/Unity.VisualScripting.YamlDotNet.dll
Symbol file LoadedFromMemory doesn't match image /Users/onthecrow/My first project/Library/PackageCache/com.unity.visualscripting@1.8.0/Editor/VisualScripting.Core/Dependencies/DotNetZip/Unity.VisualScripting.IonicZip.dll
Native extension for Android target not found
Native extension for OSXStandalone target not found
Native extension for WebGL target not found
Refreshing native plugins compatible for Editor in 0.50 ms, found 2 plugins.
Preloading 0 native plugins for Editor in 0.00 ms.
Mono: successfully reloaded assembly
- Completed reload, in  0.487 seconds
Domain Reload Profiling:
	ReloadAssembly (487ms)
		BeginReloadAssembly (62ms)
			ExecutionOrderSort (0ms)
			DisableScriptedObjects (2ms)
			BackupInstance (0ms)
			ReleaseScriptingObjects (0ms)
			CreateAndSetChildDomain (16ms)
		EndReloadAssembly (372ms)
			LoadAssemblies (28ms)
			RebuildTransferFunctionScriptingTraits (0ms)
			SetupTypeCache (148ms)
			ReleaseScriptCaches (1ms)
			RebuildScriptCaches (28ms)
			SetupLoadedEditorAssemblies (118ms)
				LogAssemblyErrors (0ms)
				InitializePlatformSupportModulesInManaged (11ms)
				SetLoadedEditorAssemblies (0ms)
				RefreshPlugins (1ms)
				BeforeProcessingInitializeOnLoad (37ms)
				ProcessInitializeOnLoadAttributes (58ms)
				ProcessInitializeOnLoadMethodAttributes (11ms)
				AfterProcessingInitializeOnLoad (1ms)
				EditorAssembliesLoaded (0ms)
			ExecutionOrderSort2 (0ms)
			AwakeInstancesAfterBackupRestoration (3ms)
Platform modules already initialized, skipping
Refreshing native plugins compatible for Editor in 0.73 ms, found 2 plugins.
Preloading 0 native plugins for Editor in 0.00 ms.
Unloading 2814 Unused Serialized files (Serialized files now loaded: 0)
Unloading 16 unused Assets / (64.5 KB). Loaded Objects now: 3334.
Memory consumption went from 102.7 MB to 102.6 MB.
Total: 1.946500 ms (FindLiveObjects: 0.095916 ms CreateObjectMapping: 0.031959 ms MarkObjects: 1.745791 ms  DeleteObjects: 0.072125 ms)

AssetImportParameters requested are different than current active one (requested -> active):
  custom:video-decoder-ogg-theora: a1e56fd34408186e4bbccfd4996cb3dc -> 
  custom:container-muxer-webm: aa71ff27fc2769a1b78a27578f13a17b -> 
  custom:container-demuxer-webm: 4f35f7cbe854078d1ac9338744f61a02 -> 
  custom:video-encoder-webm-vp8: eb34c28f22e8b96e1ab97ce403110664 -> 
  custom:framework-osx-AVFoundation: e770b220cccbd017edd2c1fefb359320 -> 
  custom:audio-encoder-webm-vorbis: bf7c407c2cedff20999df2af8eb42d56 -> 
  custom:container-demuxer-ogg: 62fdf1f143b41e24485cea50d1cbac27 -> 
  custom:video-decoder-webm-vp8: 9c59270c3fd7afecdb556c50c9e8de78 -> 
  custom:audio-decoder-ogg-vorbis: bf7c407c2cedff20999df2af8eb42d56 -> 
========================================================================
Received Prepare
Refreshing native plugins compatible for Editor in 1.02 ms, found 2 plugins.
Preloading 0 native plugins for Editor in 0.00 ms.
Unloading 16 Unused Serialized files (Serialized files now loaded: 0)
Unloading 16 unused Assets / (64.6 KB). Loaded Objects now: 3334.
Memory consumption went from 46.6 MB to 46.6 MB.
Total: 1.957000 ms (FindLiveObjects: 0.101125 ms CreateObjectMapping: 0.032084 ms MarkObjects: 1.775542 ms  DeleteObjects: 0.047791 ms)

AssetImportParameters requested are different than current active one (requested -> active):
  custom:video-decoder-ogg-theora: a1e56fd34408186e4bbccfd4996cb3dc -> 
  custom:container-muxer-webm: aa71ff27fc2769a1b78a27578f13a17b -> 
  custom:container-demuxer-webm: 4f35f7cbe854078d1ac9338744f61a02 -> 
  custom:video-encoder-webm-vp8: eb34c28f22e8b96e1ab97ce403110664 -> 
  custom:framework-osx-AVFoundation: e770b220cccbd017edd2c1fefb359320 -> 
  custom:audio-encoder-webm-vorbis: bf7c407c2cedff20999df2af8eb42d56 -> 
  custom:container-demuxer-ogg: 62fdf1f143b41e24485cea50d1cbac27 -> 
  custom:video-decoder-webm-vp8: 9c59270c3fd7afecdb556c50c9e8de78 -> 
  custom:audio-decoder-ogg-vorbis: bf7c407c2cedff20999df2af8eb42d56 -> 
========================================================================
Received Import Request.
  Time since last request: 236126.206173 seconds.
  path: Assets/textures/001.jpg
  artifactKey: Guid(68ea30d87286340298b84830d27dc71f) Importer(815301076,1909f56bfc062723c751e8b465ee728b)
Start importing Assets/textures/001.jpg using Guid(68ea30d87286340298b84830d27dc71f) Importer(815301076,1909f56bfc062723c751e8b465ee728b)  -> (artifact id: '2773d2db098a36bb0d936ea1eb2401be') in 0.471411 seconds 
========================================================================
Received Import Request.
  Time since last request: 2421.036973 seconds.
  path: Assets/vfyvfy.mp3
  artifactKey: Guid(dec755ed2611541148e0d00a6f12622c) Importer(815301076,1909f56bfc062723c751e8b465ee728b)
Start importing Assets/vfyvfy.mp3 using Guid(dec755ed2611541148e0d00a6f12622c) Importer(815301076,1909f56bfc062723c751e8b465ee728b)  -> (artifact id: 'ecd312093deb557ac0d1f26fe81ff7cc') in 0.694519 seconds 
========================================================================
Received Prepare
Registering precompiled user dll's ...
Registered in 0.000893 seconds.
Begin MonoManager ReloadAssembly
Thread 0x16f31b000 may have been prematurely finalized
Symbol file LoadedFromMemory doesn't match image /Users/onthecrow/My first project/Library/PackageCache/com.unity.visualscripting@1.8.0/Editor/VisualScripting.Core/Dependencies/YamlDotNet/Unity.VisualScripting.YamlDotNet.dll
Symbol file LoadedFromMemory doesn't match image /Users/onthecrow/My first project/Library/PackageCache/com.unity.visualscripting@1.8.0/Editor/VisualScripting.Core/Dependencies/DotNetZip/Unity.VisualScripting.IonicZip.dll
Native extension for Android target not found
Native extension for OSXStandalone target not found
Native extension for WebGL target not found
Refreshing native plugins compatible for Editor in 0.35 ms, found 2 plugins.
Preloading 0 native plugins for Editor in 0.00 ms.
Mono: successfully reloaded assembly
- Completed reload, in  0.479 seconds
Domain Reload Profiling:
	ReloadAssembly (479ms)
		BeginReloadAssembly (76ms)
			ExecutionOrderSort (0ms)
			DisableScriptedObjects (3ms)
			BackupInstance (0ms)
			ReleaseScriptingObjects (0ms)
			CreateAndSetChildDomain (23ms)
		EndReloadAssembly (348ms)
			LoadAssemblies (34ms)
			RebuildTransferFunctionScriptingTraits (0ms)
			SetupTypeCache (139ms)
			ReleaseScriptCaches (1ms)
			RebuildScriptCaches (26ms)
			SetupLoadedEditorAssemblies (109ms)
				LogAssemblyErrors (0ms)
				InitializePlatformSupportModulesInManaged (9ms)
				SetLoadedEditorAssemblies (0ms)
				RefreshPlugins (0ms)
				BeforeProcessingInitializeOnLoad (33ms)
				ProcessInitializeOnLoadAttributes (55ms)
				ProcessInitializeOnLoadMethodAttributes (10ms)
				AfterProcessingInitializeOnLoad (1ms)
				EditorAssembliesLoaded (0ms)
			ExecutionOrderSort2 (0ms)
			AwakeInstancesAfterBackupRestoration (2ms)
Platform modules already initialized, skipping
Refreshing native plugins compatible for Editor in 1.26 ms, found 2 plugins.
Preloading 0 native plugins for Editor in 0.00 ms.
Unloading 2814 Unused Serialized files (Serialized files now loaded: 0)
Unloading 16 unused Assets / (64.5 KB). Loaded Objects now: 3349.
Memory consumption went from 112.6 MB to 112.5 MB.
Total: 1.998875 ms (FindLiveObjects: 0.101667 ms CreateObjectMapping: 0.035708 ms MarkObjects: 1.801583 ms  DeleteObjects: 0.059250 ms)

AssetImportParameters requested are different than current active one (requested -> active):
  custom:video-decoder-ogg-theora: a1e56fd34408186e4bbccfd4996cb3dc -> 
  custom:container-muxer-webm: aa71ff27fc2769a1b78a27578f13a17b -> 
  custom:container-demuxer-webm: 4f35f7cbe854078d1ac9338744f61a02 -> 
  custom:video-encoder-webm-vp8: eb34c28f22e8b96e1ab97ce403110664 -> 
  custom:framework-osx-AVFoundation: e770b220cccbd017edd2c1fefb359320 -> 
  custom:audio-encoder-webm-vorbis: bf7c407c2cedff20999df2af8eb42d56 -> 
  custom:container-demuxer-ogg: 62fdf1f143b41e24485cea50d1cbac27 -> 
  custom:video-decoder-webm-vp8: 9c59270c3fd7afecdb556c50c9e8de78 -> 
  custom:audio-decoder-ogg-vorbis: bf7c407c2cedff20999df2af8eb42d56 -> 
========================================================================
Received Prepare
Refreshing native plugins compatible for Editor in 1.50 ms, found 2 plugins.
Preloading 0 native plugins for Editor in 0.00 ms.
Unloading 16 Unused Serialized files (Serialized files now loaded: 0)
Unloading 16 unused Assets / (64.4 KB). Loaded Objects now: 3349.
Memory consumption went from 56.6 MB to 56.5 MB.
Total: 2.362875 ms (FindLiveObjects: 0.091000 ms CreateObjectMapping: 0.030291 ms MarkObjects: 2.191250 ms  DeleteObjects: 0.049958 ms)

AssetImportParameters requested are different than current active one (requested -> active):
  custom:video-decoder-ogg-theora: a1e56fd34408186e4bbccfd4996cb3dc -> 
  custom:container-muxer-webm: aa71ff27fc2769a1b78a27578f13a17b -> 
  custom:container-demuxer-webm: 4f35f7cbe854078d1ac9338744f61a02 -> 
  custom:video-encoder-webm-vp8: eb34c28f22e8b96e1ab97ce403110664 -> 
  custom:framework-osx-AVFoundation: e770b220cccbd017edd2c1fefb359320 -> 
  custom:audio-encoder-webm-vorbis: bf7c407c2cedff20999df2af8eb42d56 -> 
  custom:container-demuxer-ogg: 62fdf1f143b41e24485cea50d1cbac27 -> 
  custom:video-decoder-webm-vp8: 9c59270c3fd7afecdb556c50c9e8de78 -> 
  custom:audio-decoder-ogg-vorbis: bf7c407c2cedff20999df2af8eb42d56 -> 
========================================================================
Received Prepare
Refreshing native plugins compatible for Editor in 2.91 ms, found 2 plugins.
Preloading 0 native plugins for Editor in 0.00 ms.
Unloading 16 Unused Serialized files (Serialized files now loaded: 0)
Unloading 16 unused Assets / (64.5 KB). Loaded Objects now: 3349.
Memory consumption went from 56.3 MB to 56.2 MB.
Total: 6.742833 ms (FindLiveObjects: 0.245291 ms CreateObjectMapping: 0.033750 ms MarkObjects: 6.381667 ms  DeleteObjects: 0.081625 ms)

AssetImportParameters requested are different than current active one (requested -> active):
  custom:video-decoder-ogg-theora: a1e56fd34408186e4bbccfd4996cb3dc -> 
  custom:container-muxer-webm: aa71ff27fc2769a1b78a27578f13a17b -> 
  custom:container-demuxer-webm: 4f35f7cbe854078d1ac9338744f61a02 -> 
  custom:video-encoder-webm-vp8: eb34c28f22e8b96e1ab97ce403110664 -> 
  custom:framework-osx-AVFoundation: e770b220cccbd017edd2c1fefb359320 -> 
  custom:audio-encoder-webm-vorbis: bf7c407c2cedff20999df2af8eb42d56 -> 
  custom:container-demuxer-ogg: 62fdf1f143b41e24485cea50d1cbac27 -> 
  custom:video-decoder-webm-vp8: 9c59270c3fd7afecdb556c50c9e8de78 -> 
  custom:audio-decoder-ogg-vorbis: bf7c407c2cedff20999df2af8eb42d56 -> 
========================================================================
Received Prepare
Registering precompiled user dll's ...
Registered in 0.000804 seconds.
Begin MonoManager ReloadAssembly
Thread 0x16f31b000 may have been prematurely finalized
Symbol file LoadedFromMemory doesn't match image /Users/onthecrow/My first project/Library/PackageCache/com.unity.visualscripting@1.8.0/Editor/VisualScripting.Core/Dependencies/YamlDotNet/Unity.VisualScripting.YamlDotNet.dll
Symbol file LoadedFromMemory doesn't match image /Users/onthecrow/My first project/Library/PackageCache/com.unity.visualscripting@1.8.0/Editor/VisualScripting.Core/Dependencies/DotNetZip/Unity.VisualScripting.IonicZip.dll
Native extension for Android target not found
Native extension for OSXStandalone target not found
Native extension for WebGL target not found
Refreshing native plugins compatible for Editor in 0.38 ms, found 2 plugins.
Preloading 0 native plugins for Editor in 0.00 ms.
Mono: successfully reloaded assembly
- Completed reload, in  0.507 seconds
Domain Reload Profiling:
	ReloadAssembly (508ms)
		BeginReloadAssembly (91ms)
			ExecutionOrderSort (0ms)
			DisableScriptedObjects (4ms)
			BackupInstance (0ms)
			ReleaseScriptingObjects (0ms)
			CreateAndSetChildDomain (31ms)
		EndReloadAssembly (355ms)
			LoadAssemblies (35ms)
			RebuildTransferFunctionScriptingTraits (0ms)
			SetupTypeCache (149ms)
			ReleaseScriptCaches (1ms)
			RebuildScriptCaches (25ms)
			SetupLoadedEditorAssemblies (108ms)
				LogAssemblyErrors (0ms)
				InitializePlatformSupportModulesInManaged (9ms)
				SetLoadedEditorAssemblies (0ms)
				RefreshPlugins (0ms)
				BeforeProcessingInitializeOnLoad (32ms)
				ProcessInitializeOnLoadAttributes (56ms)
				ProcessInitializeOnLoadMethodAttributes (9ms)
				AfterProcessingInitializeOnLoad (1ms)
				EditorAssembliesLoaded (0ms)
			ExecutionOrderSort2 (0ms)
			AwakeInstancesAfterBackupRestoration (3ms)
Platform modules already initialized, skipping
Refreshing native plugins compatible for Editor in 0.80 ms, found 2 plugins.
Preloading 0 native plugins for Editor in 0.00 ms.
Unloading 2814 Unused Serialized files (Serialized files now loaded: 0)
Unloading 16 unused Assets / (65.4 KB). Loaded Objects now: 3352.
Memory consumption went from 112.6 MB to 112.5 MB.
Total: 2.308708 ms (FindLiveObjects: 0.108666 ms CreateObjectMapping: 0.035167 ms MarkObjects: 2.078166 ms  DeleteObjects: 0.085959 ms)

AssetImportParameters requested are different than current active one (requested -> active):
  custom:video-decoder-ogg-theora: a1e56fd34408186e4bbccfd4996cb3dc -> 
  custom:container-muxer-webm: aa71ff27fc2769a1b78a27578f13a17b -> 
  custom:container-demuxer-webm: 4f35f7cbe854078d1ac9338744f61a02 -> 
  custom:video-encoder-webm-vp8: eb34c28f22e8b96e1ab97ce403110664 -> 
  custom:framework-osx-AVFoundation: e770b220cccbd017edd2c1fefb359320 -> 
  custom:audio-encoder-webm-vorbis: bf7c407c2cedff20999df2af8eb42d56 -> 
  custom:container-demuxer-ogg: 62fdf1f143b41e24485cea50d1cbac27 -> 
  custom:video-decoder-webm-vp8: 9c59270c3fd7afecdb556c50c9e8de78 -> 
  custom:audio-decoder-ogg-vorbis: bf7c407c2cedff20999df2af8eb42d56 -> 
========================================================================
Received Prepare
Registering precompiled user dll's ...
Registered in 0.000860 seconds.
Begin MonoManager ReloadAssembly
Thread 0x16f31b000 may have been prematurely finalized
Symbol file LoadedFromMemory doesn't match image /Users/onthecrow/My first project/Library/PackageCache/com.unity.visualscripting@1.8.0/Editor/VisualScripting.Core/Dependencies/YamlDotNet/Unity.VisualScripting.YamlDotNet.dll
Symbol file LoadedFromMemory doesn't match image /Users/onthecrow/My first project/Library/PackageCache/com.unity.visualscripting@1.8.0/Editor/VisualScripting.Core/Dependencies/DotNetZip/Unity.VisualScripting.IonicZip.dll
Native extension for Android target not found
Native extension for OSXStandalone target not found
Native extension for WebGL target not found
Refreshing native plugins compatible for Editor in 0.39 ms, found 2 plugins.
Preloading 0 native plugins for Editor in 0.00 ms.
Mono: successfully reloaded assembly
- Completed reload, in  0.430 seconds
Domain Reload Profiling:
	ReloadAssembly (431ms)
		BeginReloadAssembly (60ms)
			ExecutionOrderSort (0ms)
			DisableScriptedObjects (3ms)
			BackupInstance (0ms)
			ReleaseScriptingObjects (0ms)
			CreateAndSetChildDomain (14ms)
		EndReloadAssembly (319ms)
			LoadAssemblies (28ms)
			RebuildTransferFunctionScriptingTraits (0ms)
			SetupTypeCache (129ms)
			ReleaseScriptCaches (1ms)
			RebuildScriptCaches (23ms)
			SetupLoadedEditorAssemblies (100ms)
				LogAssemblyErrors (0ms)
				InitializePlatformSupportModulesInManaged (9ms)
				SetLoadedEditorAssemblies (0ms)
				RefreshPlugins (0ms)
				BeforeProcessingInitializeOnLoad (31ms)
				ProcessInitializeOnLoadAttributes (49ms)
				ProcessInitializeOnLoadMethodAttributes (10ms)
				AfterProcessingInitializeOnLoad (1ms)
				EditorAssembliesLoaded (0ms)
			ExecutionOrderSort2 (0ms)
			AwakeInstancesAfterBackupRestoration (2ms)
Platform modules already initialized, skipping
Refreshing native plugins compatible for Editor in 0.73 ms, found 2 plugins.
Preloading 0 native plugins for Editor in 0.00 ms.
Unloading 2814 Unused Serialized files (Serialized files now loaded: 0)
Unloading 16 unused Assets / (65.5 KB). Loaded Objects now: 3355.
Memory consumption went from 112.6 MB to 112.5 MB.
Total: 2.255250 ms (FindLiveObjects: 0.094500 ms CreateObjectMapping: 0.032250 ms MarkObjects: 2.039834 ms  DeleteObjects: 0.087750 ms)

AssetImportParameters requested are different than current active one (requested -> active):
  custom:video-decoder-ogg-theora: a1e56fd34408186e4bbccfd4996cb3dc -> 
  custom:container-muxer-webm: aa71ff27fc2769a1b78a27578f13a17b -> 
  custom:container-demuxer-webm: 4f35f7cbe854078d1ac9338744f61a02 -> 
  custom:video-encoder-webm-vp8: eb34c28f22e8b96e1ab97ce403110664 -> 
  custom:framework-osx-AVFoundation: e770b220cccbd017edd2c1fefb359320 -> 
  custom:audio-encoder-webm-vorbis: bf7c407c2cedff20999df2af8eb42d56 -> 
  custom:container-demuxer-ogg: 62fdf1f143b41e24485cea50d1cbac27 -> 
  custom:video-decoder-webm-vp8: 9c59270c3fd7afecdb556c50c9e8de78 -> 
  custom:audio-decoder-ogg-vorbis: bf7c407c2cedff20999df2af8eb42d56 -> 
========================================================================
Received Prepare
Refreshing native plugins compatible for Editor in 3.07 ms, found 2 plugins.
Preloading 0 native plugins for Editor in 0.00 ms.
Unloading 16 Unused Serialized files (Serialized files now loaded: 0)
Unloading 16 unused Assets / (65.6 KB). Loaded Objects now: 3355.
Memory consumption went from 56.6 MB to 56.5 MB.
Total: 2.109666 ms (FindLiveObjects: 0.091000 ms CreateObjectMapping: 0.030667 ms MarkObjects: 1.938334 ms  DeleteObjects: 0.049334 ms)

AssetImportParameters requested are different than current active one (requested -> active):
  custom:video-decoder-ogg-theora: a1e56fd34408186e4bbccfd4996cb3dc -> 
  custom:container-muxer-webm: aa71ff27fc2769a1b78a27578f13a17b -> 
  custom:container-demuxer-webm: 4f35f7cbe854078d1ac9338744f61a02 -> 
  custom:video-encoder-webm-vp8: eb34c28f22e8b96e1ab97ce403110664 -> 
  custom:framework-osx-AVFoundation: e770b220cccbd017edd2c1fefb359320 -> 
  custom:audio-encoder-webm-vorbis: bf7c407c2cedff20999df2af8eb42d56 -> 
  custom:container-demuxer-ogg: 62fdf1f143b41e24485cea50d1cbac27 -> 
  custom:video-decoder-webm-vp8: 9c59270c3fd7afecdb556c50c9e8de78 -> 
  custom:audio-decoder-ogg-vorbis: bf7c407c2cedff20999df2af8eb42d56 -> 
========================================================================
Received Import Request.
  Time since last request: 43076.075000 seconds.
  path: Assets/unity-chan!/Unity-chan! Model/SplashScreen/Logo/Light_Silhouette.png
  artifactKey: Guid(f0b1c60b0227e4e1fa89a56252ded127) Importer(815301076,1909f56bfc062723c751e8b465ee728b)
Start importing Assets/unity-chan!/Unity-chan! Model/SplashScreen/Logo/Light_Silhouette.png using Guid(f0b1c60b0227e4e1fa89a56252ded127) Importer(815301076,1909f56bfc062723c751e8b465ee728b)  -> (artifact id: '387beb908cfa0c29f18c297ae47b9398') in 0.129169 seconds 
========================================================================
Received Import Request.
  Time since last request: 31.149040 seconds.
  path: Assets/Oculus/LipSync/Models/RobotHead_TextureFlip/Materials/Head-2.mat
  artifactKey: Guid(b8f002f88e9d7e847b5306f3338f80db) Importer(815301076,1909f56bfc062723c751e8b465ee728b)
Start importing Assets/Oculus/LipSync/Models/RobotHead_TextureFlip/Materials/Head-2.mat using Guid(b8f002f88e9d7e847b5306f3338f80db) Importer(815301076,1909f56bfc062723c751e8b465ee728b)  -> (artifact id: '96384feaa0832bbce73e515438ef2790') in 0.111463 seconds 
